0 info it worked if it ends with ok
1 verbose cli [ '/Users/rayyee/.nvm/versions/node/v6.7.0/bin/node',
1 verbose cli   '/Users/rayyee/.nvm/versions/node/v6.7.0/bin/npm',
1 verbose cli   'bugs',
1 verbose cli   'firstkickm' ]
2 info using npm@3.10.3
3 info using node@v6.7.0
4 silly fetchPackageMetaData firstkickm
5 silly fetchNamedPackageData firstkickm
6 silly mapToRegistry name firstkickm
7 silly mapToRegistry using default registry
8 silly mapToRegistry registry https://registry.npmjs.org/
9 silly mapToRegistry data Result {
9 silly mapToRegistry   raw: 'firstkickm',
9 silly mapToRegistry   scope: null,
9 silly mapToRegistry   escapedName: 'firstkickm',
9 silly mapToRegistry   name: 'firstkickm',
9 silly mapToRegistry   rawSpec: '',
9 silly mapToRegistry   spec: 'latest',
9 silly mapToRegistry   type: 'tag' }
10 silly mapToRegistry uri https://registry.npmjs.org/firstkickm
11 verbose request uri https://registry.npmjs.org/firstkickm
12 verbose request no auth needed
13 info attempt registry request try #1 at 5:29:25 PM
14 verbose request id e6142cefd42fe9f6
15 http request GET https://registry.npmjs.org/firstkickm
16 http 404 https://registry.npmjs.org/firstkickm
17 verbose headers { 'content-type': 'application/json',
17 verbose headers   'cache-control': 'max-age=0',
17 verbose headers   'content-length': '2',
17 verbose headers   'accept-ranges': 'bytes',
17 verbose headers   date: 'Tue, 23 May 2017 07:28:58 GMT',
17 verbose headers   via: '1.1 varnish',
17 verbose headers   connection: 'keep-alive',
17 verbose headers   'x-served-by': 'cache-mel6522-MEL',
17 verbose headers   'x-cache': 'MISS',
17 verbose headers   'x-cache-hits': '0',
17 verbose headers   'x-timer': 'S1495524537.407006,VS0,VE802',
17 verbose headers   vary: 'Accept-Encoding' }
18 silly get cb [ 404,
18 silly get   { 'content-type': 'application/json',
18 silly get     'cache-control': 'max-age=0',
18 silly get     'content-length': '2',
18 silly get     'accept-ranges': 'bytes',
18 silly get     date: 'Tue, 23 May 2017 07:28:58 GMT',
18 silly get     via: '1.1 varnish',
18 silly get     connection: 'keep-alive',
18 silly get     'x-served-by': 'cache-mel6522-MEL',
18 silly get     'x-cache': 'MISS',
18 silly get     'x-cache-hits': '0',
18 silly get     'x-timer': 'S1495524537.407006,VS0,VE802',
18 silly get     vary: 'Accept-Encoding' } ]
19 silly fetchPackageMetaData Error: Registry returned 404 for GET on https://registry.npmjs.org/firstkickm
19 silly fetchPackageMetaData     at makeError (/Users/rayyee/.nvm/versions/node/v6.7.0/lib/node_modules/npm/node_modules/npm-registry-client/lib/request.js:264:12)
19 silly fetchPackageMetaData     at CachingRegistryClient.<anonymous> (/Users/rayyee/.nvm/versions/node/v6.7.0/lib/node_modules/npm/node_modules/npm-registry-client/lib/request.js:242:14)
19 silly fetchPackageMetaData     at Request._callback (/Users/rayyee/.nvm/versions/node/v6.7.0/lib/node_modules/npm/node_modules/npm-registry-client/lib/request.js:172:14)
19 silly fetchPackageMetaData     at Request.self.callback (/Users/rayyee/.nvm/versions/node/v6.7.0/lib/node_modules/npm/node_modules/request/request.js:200:22)
19 silly fetchPackageMetaData     at emitTwo (events.js:106:13)
19 silly fetchPackageMetaData     at Request.emit (events.js:191:7)
19 silly fetchPackageMetaData     at Request.<anonymous> (/Users/rayyee/.nvm/versions/node/v6.7.0/lib/node_modules/npm/node_modules/request/request.js:1067:10)
19 silly fetchPackageMetaData     at emitOne (events.js:101:20)
19 silly fetchPackageMetaData     at Request.emit (events.js:188:7)
19 silly fetchPackageMetaData     at IncomingMessage.<anonymous> (/Users/rayyee/.nvm/versions/node/v6.7.0/lib/node_modules/npm/node_modules/request/request.js:988:12)
19 silly fetchPackageMetaData  error for firstkickm { Error: Registry returned 404 for GET on https://registry.npmjs.org/firstkickm
19 silly fetchPackageMetaData     at makeError (/Users/rayyee/.nvm/versions/node/v6.7.0/lib/node_modules/npm/node_modules/npm-registry-client/lib/request.js:264:12)
19 silly fetchPackageMetaData     at CachingRegistryClient.<anonymous> (/Users/rayyee/.nvm/versions/node/v6.7.0/lib/node_modules/npm/node_modules/npm-registry-client/lib/request.js:242:14)
19 silly fetchPackageMetaData     at Request._callback (/Users/rayyee/.nvm/versions/node/v6.7.0/lib/node_modules/npm/node_modules/npm-registry-client/lib/request.js:172:14)
19 silly fetchPackageMetaData     at Request.self.callback (/Users/rayyee/.nvm/versions/node/v6.7.0/lib/node_modules/npm/node_modules/request/request.js:200:22)
19 silly fetchPackageMetaData     at emitTwo (events.js:106:13)
19 silly fetchPackageMetaData     at Request.emit (events.js:191:7)
19 silly fetchPackageMetaData     at Request.<anonymous> (/Users/rayyee/.nvm/versions/node/v6.7.0/lib/node_modules/npm/node_modules/request/request.js:1067:10)
19 silly fetchPackageMetaData     at emitOne (events.js:101:20)
19 silly fetchPackageMetaData     at Request.emit (events.js:188:7)
19 silly fetchPackageMetaData     at IncomingMessage.<anonymous> (/Users/rayyee/.nvm/versions/node/v6.7.0/lib/node_modules/npm/node_modules/request/request.js:988:12) pkgid: 'firstkickm', statusCode: 404, code: 'E404' }
20 verbose stack Error: Registry returned 404 for GET on https://registry.npmjs.org/firstkickm
20 verbose stack     at makeError (/Users/rayyee/.nvm/versions/node/v6.7.0/lib/node_modules/npm/node_modules/npm-registry-client/lib/request.js:264:12)
20 verbose stack     at CachingRegistryClient.<anonymous> (/Users/rayyee/.nvm/versions/node/v6.7.0/lib/node_modules/npm/node_modules/npm-registry-client/lib/request.js:242:14)
20 verbose stack     at Request._callback (/Users/rayyee/.nvm/versions/node/v6.7.0/lib/node_modules/npm/node_modules/npm-registry-client/lib/request.js:172:14)
20 verbose stack     at Request.self.callback (/Users/rayyee/.nvm/versions/node/v6.7.0/lib/node_modules/npm/node_modules/request/request.js:200:22)
20 verbose stack     at emitTwo (events.js:106:13)
20 verbose stack     at Request.emit (events.js:191:7)
20 verbose stack     at Request.<anonymous> (/Users/rayyee/.nvm/versions/node/v6.7.0/lib/node_modules/npm/node_modules/request/request.js:1067:10)
20 verbose stack     at emitOne (events.js:101:20)
20 verbose stack     at Request.emit (events.js:188:7)
20 verbose stack     at IncomingMessage.<anonymous> (/Users/rayyee/.nvm/versions/node/v6.7.0/lib/node_modules/npm/node_modules/request/request.js:988:12)
21 verbose statusCode 404
22 verbose pkgid firstkickm
23 verbose cwd /Users/rayyee/Desktop/react/firstkick
24 error Darwin 16.5.0
25 error argv "/Users/rayyee/.nvm/versions/node/v6.7.0/bin/node" "/Users/rayyee/.nvm/versions/node/v6.7.0/bin/npm" "bugs" "firstkickm"
26 error node v6.7.0
27 error npm  v3.10.3
28 error code E404
29 error 404 Registry returned 404 for GET on https://registry.npmjs.org/firstkickm
30 error 404
31 error 404 'firstkickm' is not in the npm registry.
32 error 404 You should bug the author to publish it (or use the name yourself!)
33 error 404 Note that you can also install from a
34 error 404 tarball, folder, http url, or git url.
35 verbose exit [ 1, true ]
